@Smoke_Test @Test_Creation_Campaing_Flows_schedule
Feature: Test_Creation_Campaing_flow # features/test_creation_all_campings_schedule.feature:3

  @Test_Creation_Campaing_1 @Smoke_Test @Test_Creation_Campaing_Flows_schedule
  Scenario Outline: Review Campaign Data -- @1.3                                                                        # features/test_creation_all_campings_schedule.feature:20
    Given I am on the "Bulk Voice" campaign summary page test in "Voice"                                                # steps/test_creation_all_campaings_schedule_step.py:14
    When I review the "PRUEBAS AUTOMATIZADAS" and data                                                                  # steps/test_creation_all_campaings_schedule_step.py:47
      Traceback (most recent call last):
        File "/usr/local/lib/python3.8/dist-packages/behave/model.py", line 1329, in run
          match.run(runner.context)
        File "/usr/local/lib/python3.8/dist-packages/behave/matchers.py", line 98, in run
          self.func(context, *args, **kwargs)
        File "steps/test_creation_all_campaings_schedule_step.py", line 49, in test_step_impl
          context.Reviewdata.data(campaign_name.strip('"'))
        File "/home/fpalencia/Automations/mientorno/test-pruebas-automatizadas/Project/tests/pages/campaign_summary_page.py", line 31, in data
          data_campaign = self.global_function.select_element_xpath("(//p[normalize-space()='PRUEBAS AUTOMATIZADAS'])[1]").text
        File "/home/fpalencia/Automations/mientorno/test-pruebas-automatizadas/Project/tests/pages/global_functions.py", line 30, in select_element_xpath
          element_xpath = WebDriverWait(self.driver, timeout).until(EC.presence_of_element_located((By.XPATH, element)))
        File "/usr/local/lib/python3.8/dist-packages/selenium/webdriver/support/wait.py", line 95, in until
          raise TimeoutException(message, screen, stacktrace)
      selenium.common.exceptions.TimeoutException: Message: 
      Stacktrace:
      RemoteError@chrome://remote/content/shared/RemoteError.sys.mjs:8:8
      WebDriverError@chrome://remote/content/shared/webdriver/Errors.sys.mjs:182:5
      NoSuchElementError@chrome://remote/content/shared/webdriver/Errors.sys.mjs:394:5
      element.find/</<@chrome://remote/content/marionette/element.sys.mjs:134:16

    And I click the "done" button to finish the campaign creation process                                               # None
    And I click the confirm campaign                                                                                    # None
    When I am see the confirmation alert, "TRANSACTION SUCCESSFUL" in "//div[@class='ant-notification-notice-message']" # None
    Then I am redirected to the campaigns menu and see the confirmation alert                                           # None

